<?xml version="1.0" encoding="UTF-8"?>
<!-- Generated by org.testng.reporters.JUnitXMLReporter -->
<testsuite ignored="0" hostname="DESKTOP-7I80P5L" failures="0" tests="6" name="Test" time="0.143" errors="0" timestamp="2024-06-13T10:57:58 IST">
  <testcase classname="batchExecution.BuyProductTest" name="addToCart" time="0.015"/>
  <testcase classname="batchExecution.BuyProductTest" name="buyProd" time="0.007"/>
  <testcase classname="batchExecution.BuyProductTest" name="deleteProd" time="0.005"/>
  <testcase classname="batchExecution.CreateAccTest" name="createAcc" time="0.002"/>
  <testcase classname="batchExecution.CreateAccTest" name="deleteAcc" time="0.01"/>
  <testcase classname="batchExecution.CreateAccTest" name="modicyAcc" time="0.004"/>
</testsuite> <!-- Test -->
